<?xml version="1.0" encoding="UTF-8"?>
<testsuite xmlns:xsi="http://www.w3.org/2001/XMLSchema-instance" xsi:noNamespaceSchemaLocation="https://maven.apache.org/surefire/maven-surefire-plugin/xsd/surefire-test-report-3.0.xsd" version="3.0" name="bank.BankAccountTest" time="0.358" tests="20" errors="0" skipped="0" failures="0">
  <properties>
    <property name="java.specification.version" value="17"/>
    <property name="sun.cpu.isalist" value="amd64"/>
    <property name="sun.jnu.encoding" value="Cp1252"/>
    <property name="java.class.path" value="C:\Users\david\Documents\Carpetas\Universidad\tercerAno\mantenimiento\practica1\MantenimientoPractica1\target\test-classes;C:\Users\david\Documents\Carpetas\Universidad\tercerAno\mantenimiento\practica1\MantenimientoPractica1\target\classes;C:\Users\david\.m2\repository\org\junit\jupiter\junit-jupiter\5.10.1\junit-jupiter-5.10.1.jar;C:\Users\david\.m2\repository\org\junit\jupiter\junit-jupiter-api\5.10.1\junit-jupiter-api-5.10.1.jar;C:\Users\david\.m2\repository\org\opentest4j\opentest4j\1.3.0\opentest4j-1.3.0.jar;C:\Users\david\.m2\repository\org\junit\platform\junit-platform-commons\1.10.1\junit-platform-commons-1.10.1.jar;C:\Users\david\.m2\repository\org\apiguardian\apiguardian-api\1.1.2\apiguardian-api-1.1.2.jar;C:\Users\david\.m2\repository\org\junit\jupiter\junit-jupiter-params\5.10.1\junit-jupiter-params-5.10.1.jar;C:\Users\david\.m2\repository\org\junit\jupiter\junit-jupiter-engine\5.10.1\junit-jupiter-engine-5.10.1.jar;C:\Users\david\.m2\repository\org\junit\platform\junit-platform-engine\1.10.1\junit-platform-engine-1.10.1.jar;C:\Users\david\.m2\repository\org\mockito\mockito-core\5.7.0\mockito-core-5.7.0.jar;C:\Users\david\.m2\repository\net\bytebuddy\byte-buddy\1.14.9\byte-buddy-1.14.9.jar;C:\Users\david\.m2\repository\net\bytebuddy\byte-buddy-agent\1.14.9\byte-buddy-agent-1.14.9.jar;C:\Users\david\.m2\repository\org\objenesis\objenesis\3.3\objenesis-3.3.jar;C:\Users\david\.m2\repository\org\mockito\mockito-junit-jupiter\5.7.0\mockito-junit-jupiter-5.7.0.jar;"/>
    <property name="java.vm.vendor" value="Oracle Corporation"/>
    <property name="sun.arch.data.model" value="64"/>
    <property name="user.variant" value=""/>
    <property name="java.vendor.url" value="https://java.oracle.com/"/>
    <property name="user.timezone" value="Europe/Madrid"/>
    <property name="os.name" value="Windows 10"/>
    <property name="java.vm.specification.version" value="17"/>
    <property name="sun.java.launcher" value="SUN_STANDARD"/>
    <property name="user.country" value="ES"/>
    <property name="sun.boot.library.path" value="C:\Program Files\Java\jdk-17.0.5\bin"/>
    <property name="sun.java.command" value="C:\Users\david\AppData\Local\Temp\surefire2421383204743598163\surefirebooter-20240308210920027_3.jar C:\Users\david\AppData\Local\Temp\surefire2421383204743598163 2024-03-08T21-09-19_805-jvmRun1 surefire-20240308210920027_1tmp surefire_0-20240308210920027_2tmp"/>
    <property name="jdk.debug" value="release"/>
    <property name="surefire.test.class.path" value="C:\Users\david\Documents\Carpetas\Universidad\tercerAno\mantenimiento\practica1\MantenimientoPractica1\target\test-classes;C:\Users\david\Documents\Carpetas\Universidad\tercerAno\mantenimiento\practica1\MantenimientoPractica1\target\classes;C:\Users\david\.m2\repository\org\junit\jupiter\junit-jupiter\5.10.1\junit-jupiter-5.10.1.jar;C:\Users\david\.m2\repository\org\junit\jupiter\junit-jupiter-api\5.10.1\junit-jupiter-api-5.10.1.jar;C:\Users\david\.m2\repository\org\opentest4j\opentest4j\1.3.0\opentest4j-1.3.0.jar;C:\Users\david\.m2\repository\org\junit\platform\junit-platform-commons\1.10.1\junit-platform-commons-1.10.1.jar;C:\Users\david\.m2\repository\org\apiguardian\apiguardian-api\1.1.2\apiguardian-api-1.1.2.jar;C:\Users\david\.m2\repository\org\junit\jupiter\junit-jupiter-params\5.10.1\junit-jupiter-params-5.10.1.jar;C:\Users\david\.m2\repository\org\junit\jupiter\junit-jupiter-engine\5.10.1\junit-jupiter-engine-5.10.1.jar;C:\Users\david\.m2\repository\org\junit\platform\junit-platform-engine\1.10.1\junit-platform-engine-1.10.1.jar;C:\Users\david\.m2\repository\org\mockito\mockito-core\5.7.0\mockito-core-5.7.0.jar;C:\Users\david\.m2\repository\net\bytebuddy\byte-buddy\1.14.9\byte-buddy-1.14.9.jar;C:\Users\david\.m2\repository\net\bytebuddy\byte-buddy-agent\1.14.9\byte-buddy-agent-1.14.9.jar;C:\Users\david\.m2\repository\org\objenesis\objenesis\3.3\objenesis-3.3.jar;C:\Users\david\.m2\repository\org\mockito\mockito-junit-jupiter\5.7.0\mockito-junit-jupiter-5.7.0.jar;"/>
    <property name="sun.cpu.endian" value="little"/>
    <property name="user.home" value="C:\Users\david"/>
    <property name="user.language" value="es"/>
    <property name="java.specification.vendor" value="Oracle Corporation"/>
    <property name="java.version.date" value="2022-10-18"/>
    <property name="java.home" value="C:\Program Files\Java\jdk-17.0.5"/>
    <property name="file.separator" value="\"/>
    <property name="basedir" value="C:\Users\david\Documents\Carpetas\Universidad\tercerAno\mantenimiento\practica1\MantenimientoPractica1"/>
    <property name="java.vm.compressedOopsMode" value="Zero based"/>
    <property name="line.separator" value="&#10;"/>
    <property name="java.vm.specification.vendor" value="Oracle Corporation"/>
    <property name="java.specification.name" value="Java Platform API Specification"/>
    <property name="surefire.real.class.path" value="C:\Users\david\AppData\Local\Temp\surefire2421383204743598163\surefirebooter-20240308210920027_3.jar"/>
    <property name="user.script" value=""/>
    <property name="sun.management.compiler" value="HotSpot 64-Bit Tiered Compilers"/>
    <property name="java.runtime.version" value="17.0.5+9-LTS-191"/>
    <property name="user.name" value="david"/>
    <property name="path.separator" value=";"/>
    <property name="os.version" value="10.0"/>
    <property name="java.runtime.name" value="Java(TM) SE Runtime Environment"/>
    <property name="file.encoding" value="Cp1252"/>
    <property name="java.vm.name" value="Java HotSpot(TM) 64-Bit Server VM"/>
    <property name="localRepository" value="C:\Users\david\.m2\repository"/>
    <property name="java.vendor.url.bug" value="https://bugreport.java.com/bugreport/"/>
    <property name="java.io.tmpdir" value="C:\Users\david\AppData\Local\Temp\"/>
    <property name="java.version" value="17.0.5"/>
    <property name="user.dir" value="C:\Users\david\Documents\Carpetas\Universidad\tercerAno\mantenimiento\practica1\MantenimientoPractica1"/>
    <property name="os.arch" value="amd64"/>
    <property name="java.vm.specification.name" value="Java Virtual Machine Specification"/>
    <property name="sun.os.patch.level" value=""/>
    <property name="native.encoding" value="Cp1252"/>
    <property name="java.library.path" value="C:\Program Files\Java\jdk-17.0.5\bin;C:\Windows\Sun\Java\bin;C:\Windows\system32;C:\Windows;C:\Users\david\AppData\Local\Programs\Python\Python311\Scripts\;C:\mingw64\bin;C:\Program Files\Common Files\Oracle\Java\javapath;C:\Program Files\Haskell\bin;C:\Program Files\Haskell Platform\8.6.5\lib\extralibs\bin;C:\Program Files\Haskell Platform\8.6.5\bin;C:\Program Files (x86)\Common Files\Oracle\Java\javapath;C:\Windows\system32;C:\Windows;C:\Windows\System32\Wbem;C:\Windows\System32\WindowsPowerShell\v1.0\;C:\Windows\System32\OpenSSH\;C:\TDM-GCC-64\bin;C:\Program Files\Haskell Platform\8.6.5\mingw\bin;C:\Program Files\Git\cmd;C:\Program Files\dotnet\;C:\Program Files\AutoFirmaJA\AutoFirmaJA;C:\Program Files (x86)\Microsoft SQL Server\160\Tools\Binn\;C:\Program Files\Microsoft SQL Server\160\Tools\Binn\;C:\Program Files\Microsoft SQL Server\Client SDK\ODBC\170\Tools\Binn\;C:\Program Files\Microsoft SQL Server\160\DTS\Binn\;C:\Program Files (x86)\Microsoft SQL Server\160\DTS\Binn\;C:\Program Files\Azure Data Studio\bin;C:\Program Files\Docker\Docker\resources\bin;C:\Program Files\MATLAB\R2023b\bin;C:\apache-maven-3.9.6\bin;C:\Users\david\AppData\Local\Programs\Python\Python311\Scripts\;C:\Users\david\AppData\Local\Programs\Python\Python311\;C:\Users\david\AppData\Local\Programs\Python\Launcher\;C:\mingw64\bin;C:\Users\david\AppData\Roaming\cabal\bin;C:\Users\david\AppData\Roaming\local\bin;C:\Users\david\AppData\Roaming\TinyTeX\bin\win32;C:\Users\david\AppData\Local\Microsoft\WindowsApps;C:\Users\david\AppData\Local\Programs\MiKTeX\miktex\bin\x64\;C:\Users\david\AppData\Local\GitHubDesktop\bin;C:\Users\david\AppData\Local\Programs\Microsoft VS Code\bin;C:\Users\david\.dotnet\tools;C:\Program Files\Azure Data Studio\bin;C:\apache-maven-3.9.6\bin;;."/>
    <property name="java.vm.info" value="mixed mode, sharing"/>
    <property name="java.vendor" value="Oracle Corporation"/>
    <property name="java.vm.version" value="17.0.5+9-LTS-191"/>
    <property name="sun.io.unicode.encoding" value="UnicodeLittle"/>
    <property name="java.class.version" value="61.0"/>
  </properties>
  <testcase name="IsAvailableToWithdraw(int, int, Boolean)[1]" classname="bank.BankAccountTest" time="0.108"/>
  <testcase name="IsAvailableToWithdraw(int, int, Boolean)[2]" classname="bank.BankAccountTest" time="0.002"/>
  <testcase name="PaymentCorresctOutputTest(double, double, int, double)[1]" classname="bank.BankAccountTest" time="0.008"/>
  <testcase name="DepositedNegativeAmountException" classname="bank.BankAccountTest" time="0.006"/>
  <testcase name="withdrawMoneyCorrectlyFromAccount(int, int, int)[1]" classname="bank.BankAccountTest" time="0.0"/>
  <testcase name="GetBalanceCorresctOutputTest(int)[1]" classname="bank.BankAccountTest" time="0.0"/>
  <testcase name="GetBalanceCorresctOutputTest(int)[2]" classname="bank.BankAccountTest" time="0.0"/>
  <testcase name="GetBalanceCorresctOutputTest(int)[3]" classname="bank.BankAccountTest" time="0.008"/>
  <testcase name="PendingNegativeNumbersException(double, double, int, int)[1]" classname="bank.BankAccountTest" time="0.008"/>
  <testcase name="PendingNegativeNumbersException(double, double, int, int)[2]" classname="bank.BankAccountTest" time="0.0"/>
  <testcase name="PendingNegativeNumbersException(double, double, int, int)[3]" classname="bank.BankAccountTest" time="0.001"/>
  <testcase name="PendingNegativeNumbersException(double, double, int, int)[4]" classname="bank.BankAccountTest" time="0.0"/>
  <testcase name="PaymentNegativeNumbersException(double, double, int)[1]" classname="bank.BankAccountTest" time="0.003"/>
  <testcase name="PaymentNegativeNumbersException(double, double, int)[2]" classname="bank.BankAccountTest" time="0.0"/>
  <testcase name="PaymentNegativeNumbersException(double, double, int)[3]" classname="bank.BankAccountTest" time="0.0"/>
  <testcase name="DepositCorrectlyInAccount(int, int, int)[1]" classname="bank.BankAccountTest" time="0.0"/>
  <testcase name="DepositCorrectlyInAccount(int, int, int)[2]" classname="bank.BankAccountTest" time="0.0"/>
  <testcase name="WithdrawNegativeAmountException" classname="bank.BankAccountTest" time="0.0"/>
  <testcase name="PendingCorresctOutputTest(double, double, int, int, double)[1]" classname="bank.BankAccountTest" time="0.0"/>
  <testcase name="PendingCorresctOutputTest(double, double, int, int, double)[2]" classname="bank.BankAccountTest" time="0.0"/>
</testsuite>